<?xml version="1.0" encoding="UTF-8"?>
<!-- Generated by org.testng.reporters.JUnitReportReporter -->
<testsuite skipped="0" hostname="DESKTOP-13SB8JB" name="Maven.Practise.SpiceJetTest" tests="1" failures="0" timestamp="2020-07-25T00:07:30 EDT" time="1.803" errors="0">
  <testcase name="spicejet" time="1.803" classname="Maven.Practise.SpiceJetTest"/>
  <system-out/>
</testsuite> <!-- Maven.Practise.SpiceJetTest -->
