<?xml version="1.0" encoding="UTF-8"?>
<!-- Generated by org.testng.reporters.JUnitReportReporter -->
<testsuite skipped="0" hostname="DESKTOP-13SB8JB" name="Maven.Practise.MakeMyTripTest" tests="1" failures="0" timestamp="2020-07-25T00:07:30 EDT" time="3.401" errors="0">
  <testcase name="makemytrtip" time="3.401" classname="Maven.Practise.MakeMyTripTest"/>
  <system-out/>
</testsuite> <!-- Maven.Practise.MakeMyTripTest -->
