<?xml version="1.0" encoding="UTF-8"?>
<!-- Generated by org.testng.reporters.JUnitReportReporter -->
<testsuite skipped="0" hostname="DESKTOP-13SB8JB" name="Maven.Practise.youTube" tests="1" failures="0" timestamp="2020-07-25T00:07:30 EDT" time="3.279" errors="0">
  <testcase name="youtube" time="3.279" classname="Maven.Practise.youTube"/>
  <system-out/>
</testsuite> <!-- Maven.Practise.youTube -->
