<?xml version="1.0" encoding="UTF-8"?>
<!-- Generated by org.testng.reporters.JUnitReportReporter -->
<testsuite skipped="0" hostname="DESKTOP-13SB8JB" name="Maven.Practise.googleTest" tests="1" failures="0" timestamp="2020-07-25T00:06:41 EDT" time="2.089" errors="0">
  <testcase name="google" time="2.089" classname="Maven.Practise.googleTest"/>
  <system-out/>
</testsuite> <!-- Maven.Practise.googleTest -->
