<?xml version="1.0" encoding="UTF-8"?>
<!-- Generated by org.testng.reporters.JUnitReportReporter -->
<testsuite skipped="0" hostname="DESKTOP-13SB8JB" name="Maven.Practise.google" tests="1" failures="0" timestamp="2020-07-24T23:43:11 EDT" time="4.311" errors="0">
  <testcase name="google" time="4.311" classname="Maven.Practise.google"/>
  <system-out/>
</testsuite> <!-- Maven.Practise.google -->
