<?xml version="1.0" encoding="UTF-8"?>
<!-- Generated by org.testng.reporters.JUnitReportReporter -->
<testsuite skipped="0" hostname="DESKTOP-13SB8JB" name="testNG_Practise.HUB_UW" tests="3" failures="0" timestamp="2020-07-22T11:50:58 EDT" time="0.004" errors="0">
  <testcase name="HUBUWlogout" time="0.001" classname="testNG_Practise.HUB_UW"/>
  <system-out/>
  <testcase name="HUBUWlogin" time="0.002" classname="testNG_Practise.HUB_UW"/>
  <system-out/>
  <testcase name="HUBUWhomepage" time="0.001" classname="testNG_Practise.HUB_UW"/>
  <system-out/>
</testsuite> <!-- testNG_Practise.HUB_UW -->
