<?xml version="1.0" encoding="UTF-8"?>
<!-- Generated by org.testng.reporters.JUnitReportReporter -->
<testsuite skipped="0" hostname="DESKTOP-13SB8JB" name="testNG_Practise.basic" tests="1" failures="0" timestamp="2020-07-22T16:53:40 EDT" time="0.005" errors="0">
  <testcase name="getdata" time="0.005" classname="testNG_Practise.basic"/>
  <system-out/>
</testsuite> <!-- testNG_Practise.basic -->
