<?xml version="1.0" encoding="UTF-8"?>
<!-- Generated by org.testng.reporters.JUnitReportReporter -->
<testsuite skipped="0" hostname="DESKTOP-13SB8JB" name="testNG_Practise.SME_Broker" tests="2" failures="0" timestamp="2020-07-22T16:54:33 EDT" time="0.006" errors="0">
  <testcase name="SMEbrokerlogout" time="0.001" classname="testNG_Practise.SME_Broker"/>
  <system-out/>
  <testcase name="SMEbrokerSIC" time="0.005" classname="testNG_Practise.SME_Broker"/>
  <system-out/>
</testsuite> <!-- testNG_Practise.SME_Broker -->
