<?xml version="1.0" encoding="UTF-8"?>
<!-- Generated by org.testng.reporters.JUnitReportReporter -->
<testsuite skipped="0" hostname="DESKTOP-13SB8JB" name="testNG_Practise.CNS_UW" tests="2" failures="0" timestamp="2020-07-22T16:53:40 EDT" time="0.003" errors="0">
  <testcase name="CNSUWlogout" time="0.002" classname="testNG_Practise.CNS_UW"/>
  <system-out/>
  <testcase name="CNSUWhomepage" time="0.001" classname="testNG_Practise.CNS_UW"/>
  <system-out/>
</testsuite> <!-- testNG_Practise.CNS_UW -->
