<?xml version="1.0" encoding="UTF-8"?>
<!-- Generated by org.testng.reporters.JUnitReportReporter -->
<testsuite skipped="1" hostname="DESKTOP-13SB8JB" name="testNG_Practise.SME_UW" tests="4" failures="0" timestamp="2020-07-22T16:54:20 EDT" time="0.010" errors="0">
  <testcase name="SMEUWlogout" time="0.001" classname="testNG_Practise.SME_UW"/>
  <system-out/>
  <testcase name="SMEUWlogin" time="0.008" classname="testNG_Practise.SME_UW"/>
  <system-out/>
  <testcase name="SMEUWhomepage" time="0.001" classname="testNG_Practise.SME_UW"/>
  <system-out/>
  <testcase name="SMEUWSICpage" classname="testNG_Practise.SME_UW">
    <skipped/>
  </testcase> <!-- SMEUWSICpage -->
  <system-out/>
</testsuite> <!-- testNG_Practise.SME_UW -->
