<?xml version="1.0" encoding="UTF-8"?>
<!-- Generated by org.testng.reporters.JUnitReportReporter -->
<testsuite skipped="0" hostname="DESKTOP-13SB8JB" name="testNG_Practise.HUB_Broker" tests="3" failures="0" timestamp="2020-07-22T16:53:40 EDT" time="0.002" errors="0">
  <testcase name="HUBbrokerhomepage" time="0.001" classname="testNG_Practise.HUB_Broker"/>
  <system-out/>
  <testcase name="HUBbrokerlogin" time="0.001" classname="testNG_Practise.HUB_Broker"/>
  <system-out/>
  <testcase name="HUBbrokerlogout" time="0.000" classname="testNG_Practise.HUB_Broker"/>
  <system-out/>
</testsuite> <!-- testNG_Practise.HUB_Broker -->
