<?xml version="1.0" encoding="UTF-8"?>
<!-- Generated by org.testng.reporters.JUnitReportReporter -->
<testsuite skipped="0" hostname="DESKTOP-13SB8JB" name="testFramework.SL_getQuote" tests="2" failures="0" timestamp="2020-07-29T18:25:15 EDT" time="63.442" errors="0">
  <testcase name="getquote" time="30.242" classname="testFramework.SL_getQuote"/>
  <system-out/>
  <testcase name="getquote" time="33.200" classname="testFramework.SL_getQuote"/>
  <system-out/>
</testsuite> <!-- testFramework.SL_getQuote -->
