<?xml version="1.0" encoding="UTF-8"?>
<!-- Generated by org.testng.reporters.JUnitReportReporter -->
<testsuite skipped="0" hostname="DESKTOP-13SB8JB" name="testFramework.SL_getQuote2" tests="1" failures="0" timestamp="2020-07-29T18:25:15 EDT" time="21.745" errors="0">
  <testcase name="getquote2" time="21.745" classname="testFramework.SL_getQuote2"/>
  <system-out/>
</testsuite> <!-- testFramework.SL_getQuote2 -->
