<?xml version="1.0" encoding="UTF-8"?>
<!-- Generated by org.testng.reporters.JUnitReportReporter -->
<testsuite skipped="0" hostname="DESKTOP-13SB8JB" name="testFramework.SL_getQuote" tests="2" failures="0" timestamp="2020-08-16T19:17:09 EDT" time="58.038" errors="0">
  <testcase name="getquote" time="26.728" classname="testFramework.SL_getQuote"/>
  <system-out/>
  <testcase name="getquote" time="31.310" classname="testFramework.SL_getQuote"/>
  <system-out/>
</testsuite> <!-- testFramework.SL_getQuote -->
