<?xml version="1.0" encoding="UTF-8"?>
<!-- Generated by org.testng.reporters.JUnitReportReporter -->
<testsuite skipped="0" hostname="DESKTOP-13SB8JB" name="testFramework.SL_getQuote2" tests="1" failures="0" timestamp="2020-08-16T19:17:09 EDT" time="19.773" errors="0">
  <testcase name="getquote2" time="19.773" classname="testFramework.SL_getQuote2"/>
  <system-out/>
</testsuite> <!-- testFramework.SL_getQuote2 -->
