<?xml version="1.0" encoding="UTF-8"?>
<!-- Generated by org.testng.reporters.JUnitReportReporter -->
<testsuite skipped="0" hostname="DESKTOP-13SB8JB" name="testRunner.testRunner_testNG" tests="3" failures="0" timestamp="2020-08-03T20:24:06 EDT" time="48.824" errors="0">
  <testcase name="runScenario" time="13.610" classname="testRunner.testRunner_testNG"/>
  <system-out/>
  <testcase name="runScenario" time="19.670" classname="testRunner.testRunner_testNG"/>
  <system-out/>
  <testcase name="runScenario" time="15.544" classname="testRunner.testRunner_testNG"/>
  <system-out/>
</testsuite> <!-- testRunner.testRunner_testNG -->
