<?xml version="1.0" encoding="UTF-8"?>
<!-- Generated by org.testng.reporters.JUnitReportReporter -->
<testsuite skipped="0" hostname="DESKTOP-13SB8JB" name="AppiumFW.NativeApp" tests="2" failures="0" timestamp="2020-08-16T19:48:18 EDT" time="66.639" errors="0">
  <testcase name="nativeapptesting" time="35.480" classname="AppiumFW.NativeApp"/>
  <system-out/>
  <testcase name="nativeapptesting" time="31.159" classname="AppiumFW.NativeApp"/>
  <system-out/>
</testsuite> <!-- AppiumFW.NativeApp -->
