<?xml version="1.0" encoding="UTF-8"?>
<!-- Generated by org.testng.reporters.JUnitReportReporter -->
<testsuite hostname="DESKTOP-13SB8JB" name="RestAPI.LibraryDemo" tests="1" failures="0" timestamp="25 Aug 2020 02:24:21 GMT" time="3.875" errors="0">
  <testcase name="library" time="3.875" classname="RestAPI.LibraryDemo"/>
</testsuite> <!-- RestAPI.LibraryDemo -->
