<?xml version="1.0" encoding="UTF-8"?>
<!-- Generated by org.testng.reporters.JUnitReportReporter -->
<testsuite skipped="0" hostname="DESKTOP-13SB8JB" name="testFramework.SL_getQuote3" tests="1" failures="0" timestamp="2020-08-03T14:26:29 EDT" time="13.103" errors="0">
  <testcase name="getquote3" time="13.103" classname="testFramework.SL_getQuote3"/>
  <system-out/>
</testsuite> <!-- testFramework.SL_getQuote3 -->
