<?xml version="1.0" encoding="UTF-8"?>
<!-- Generated by org.testng.reporters.JUnitReportReporter -->
<testsuite skipped="0" hostname="DESKTOP-13SB8JB" name="AppiumFW.NativeApp" tests="2" failures="0" timestamp="2020-08-16T20:19:44 EDT" time="246.930" errors="0">
  <testcase name="nativeapptesting" time="137.324" classname="AppiumFW.NativeApp"/>
  <system-out/>
  <testcase name="nativeapptesting" time="109.606" classname="AppiumFW.NativeApp"/>
  <system-out/>
</testsuite> <!-- AppiumFW.NativeApp -->
