<?xml version="1.0" encoding="UTF-8"?>
<!-- Generated by org.testng.reporters.JUnitReportReporter -->
<testsuite skipped="0" hostname="DESKTOP-13SB8JB" name="Pracitse.youtube" tests="1" failures="0" timestamp="2020-07-23T18:41:47 EDT" time="12.969" errors="0">
  <testcase name="youtubepage" time="12.969" classname="Pracitse.youtube"/>
  <system-out/>
</testsuite> <!-- Pracitse.youtube -->
