<?xml version="1.0" encoding="UTF-8"?>
<!-- Generated by org.testng.reporters.JUnitReportReporter -->
<testsuite skipped="0" hostname="DESKTOP-13SB8JB" name="TestCases.LoginTest1" tests="1" failures="0" timestamp="2020-07-27T16:42:58 EDT" time="8.346" errors="0">
  <testcase name="login" time="8.346" classname="TestCases.LoginTest1"/>
  <system-out/>
</testsuite> <!-- TestCases.LoginTest1 -->
