<?xml version="1.0" encoding="UTF-8"?>
<!-- Generated by org.testng.reporters.JUnitReportReporter -->
<testsuite skipped="0" hostname="DESKTOP-13SB8JB" name="Maven.test.SeleniumTest" tests="1" failures="0" timestamp="2020-07-24T17:35:21 EDT" time="0.005" errors="0">
  <testcase name="selenium" time="0.005" classname="Maven.test.SeleniumTest"/>
  <system-out/>
</testsuite> <!-- Maven.test.SeleniumTest -->
