<?xml version="1.0" encoding="UTF-8"?>
<!-- Generated by org.testng.reporters.JUnitReportReporter -->
<testsuite skipped="0" hostname="DESKTOP-13SB8JB" name="Maven.test.GoogleTest" tests="1" failures="0" timestamp="2020-07-24T17:35:15 EDT" time="0.000" errors="0">
  <testcase name="google" time="0.000" classname="Maven.test.GoogleTest"/>
  <system-out/>
</testsuite> <!-- Maven.test.GoogleTest -->
