<?xml version="1.0" encoding="UTF-8"?>
<!-- Generated by org.testng.reporters.JUnitReportReporter -->
<testsuite skipped="0" hostname="DESKTOP-13SB8JB" name="testRunner.testRunner_testNG" tests="4" failures="0" timestamp="2020-08-03T20:35:33 EDT" time="69.363" errors="0">
  <testcase name="runScenario" time="13.302" classname="testRunner.testRunner_testNG"/>
  <system-out/>
  <testcase name="runScenario" time="16.475" classname="testRunner.testRunner_testNG"/>
  <system-out/>
  <testcase name="runScenario" time="16.006" classname="testRunner.testRunner_testNG"/>
  <system-out/>
  <testcase name="runScenario" time="23.580" classname="testRunner.testRunner_testNG"/>
  <system-out/>
</testsuite> <!-- testRunner.testRunner_testNG -->
